{"C:\\Users\\Admin\\Projects\\stellar-burgers\\src\\services\\slices\\constructorSlice.ts": {"path":"C:\\Users\\Admin\\Projects\\stellar-burgers\\src\\services\\slices\\constructorSlice.ts","all":false,"statementMap":{"0":{"start":{"line":1,"column":0},"end":{"line":1,"column":62}},"1":{"start":{"line":2,"column":0},"end":{"line":2,"column":54}},"2":{"start":{"line":3,"column":0},"end":{"line":3,"column":43}},"3":{"start":{"line":4,"column":0},"end":{"line":4,"column":0}},"4":{"start":{"line":5,"column":0},"end":{"line":5,"column":26}},"5":{"start":{"line":6,"column":0},"end":{"line":6,"column":37}},"6":{"start":{"line":7,"column":0},"end":{"line":7,"column":40}},"7":{"start":{"line":8,"column":0},"end":{"line":8,"column":2}},"8":{"start":{"line":9,"column":0},"end":{"line":9,"column":0}},"9":{"start":{"line":10,"column":0},"end":{"line":10,"column":41}},"10":{"start":{"line":11,"column":0},"end":{"line":11,"column":12}},"11":{"start":{"line":12,"column":0},"end":{"line":12,"column":17}},"12":{"start":{"line":13,"column":0},"end":{"line":13,"column":2}},"13":{"start":{"line":14,"column":0},"end":{"line":14,"column":0}},"14":{"start":{"line":15,"column":0},"end":{"line":15,"column":38}},"15":{"start":{"line":16,"column":0},"end":{"line":16,"column":28}},"16":{"start":{"line":17,"column":0},"end":{"line":17,"column":15}},"17":{"start":{"line":18,"column":0},"end":{"line":18,"column":13}},"18":{"start":{"line":19,"column":0},"end":{"line":19,"column":71}},"19":{"start":{"line":20,"column":0},"end":{"line":20,"column":33}},"20":{"start":{"line":21,"column":0},"end":{"line":21,"column":6}},"21":{"start":{"line":22,"column":0},"end":{"line":22,"column":78}},"22":{"start":{"line":23,"column":0},"end":{"line":23,"column":45}},"23":{"start":{"line":24,"column":0},"end":{"line":24,"column":6}},"24":{"start":{"line":25,"column":0},"end":{"line":25,"column":65}},"25":{"start":{"line":26,"column":0},"end":{"line":26,"column":50}},"26":{"start":{"line":27,"column":0},"end":{"line":27,"column":6}},"27":{"start":{"line":28,"column":0},"end":{"line":28,"column":65}},"28":{"start":{"line":29,"column":0},"end":{"line":29,"column":35}},"29":{"start":{"line":30,"column":0},"end":{"line":30,"column":22}},"30":{"start":{"line":31,"column":0},"end":{"line":31,"column":50}},"31":{"start":{"line":32,"column":0},"end":{"line":32,"column":64}},"32":{"start":{"line":33,"column":0},"end":{"line":33,"column":40}},"33":{"start":{"line":34,"column":0},"end":{"line":34,"column":7}},"34":{"start":{"line":35,"column":0},"end":{"line":35,"column":6}},"35":{"start":{"line":36,"column":0},"end":{"line":36,"column":67}},"36":{"start":{"line":37,"column":0},"end":{"line":37,"column":35}},"37":{"start":{"line":38,"column":0},"end":{"line":38,"column":49}},"38":{"start":{"line":39,"column":0},"end":{"line":39,"column":50}},"39":{"start":{"line":40,"column":0},"end":{"line":40,"column":64}},"40":{"start":{"line":41,"column":0},"end":{"line":41,"column":40}},"41":{"start":{"line":42,"column":0},"end":{"line":42,"column":7}},"42":{"start":{"line":43,"column":0},"end":{"line":43,"column":5}},"43":{"start":{"line":44,"column":0},"end":{"line":44,"column":4}},"44":{"start":{"line":45,"column":0},"end":{"line":45,"column":31}},"45":{"start":{"line":46,"column":0},"end":{"line":46,"column":55}},"46":{"start":{"line":47,"column":0},"end":{"line":47,"column":23}},"47":{"start":{"line":48,"column":0},"end":{"line":48,"column":29}},"48":{"start":{"line":49,"column":0},"end":{"line":49,"column":7}},"49":{"start":{"line":50,"column":0},"end":{"line":50,"column":3}},"50":{"start":{"line":51,"column":0},"end":{"line":51,"column":3}},"51":{"start":{"line":52,"column":0},"end":{"line":52,"column":0}},"52":{"start":{"line":53,"column":0},"end":{"line":53,"column":14}},"53":{"start":{"line":54,"column":0},"end":{"line":54,"column":9}},"54":{"start":{"line":55,"column":0},"end":{"line":55,"column":16}},"55":{"start":{"line":56,"column":0},"end":{"line":56,"column":19}},"56":{"start":{"line":57,"column":0},"end":{"line":57,"column":19}},"57":{"start":{"line":58,"column":0},"end":{"line":58,"column":20}},"58":{"start":{"line":59,"column":0},"end":{"line":59,"column":29}},"59":{"start":{"line":60,"column":0},"end":{"line":60,"column":0}},"60":{"start":{"line":61,"column":0},"end":{"line":61,"column":59}}},"s":{"0":1,"1":1,"2":1,"3":1,"4":1,"5":1,"6":1,"7":1,"8":1,"9":1,"10":1,"11":1,"12":1,"13":1,"14":1,"15":1,"16":1,"17":1,"18":1,"19":1,"20":1,"21":1,"22":1,"23":1,"24":1,"25":1,"26":1,"27":1,"28":1,"29":1,"30":1,"31":1,"32":1,"33":1,"34":1,"35":1,"36":1,"37":1,"38":1,"39":1,"40":1,"41":1,"42":1,"43":1,"44":1,"45":1,"46":1,"47":1,"48":1,"49":1,"50":1,"51":1,"52":1,"53":1,"54":1,"55":1,"56":1,"57":1,"58":1,"59":1,"60":1},"branchMap":{"0":{"type":"branch","line":19,"loc":{"start":{"line":19,"column":12},"end":{"line":21,"column":5}},"locations":[{"start":{"line":19,"column":12},"end":{"line":21,"column":5}}]},"1":{"type":"branch","line":22,"loc":{"start":{"line":22,"column":19},"end":{"line":24,"column":5}},"locations":[{"start":{"line":22,"column":19},"end":{"line":24,"column":5}}]},"2":{"type":"branch","line":25,"loc":{"start":{"line":25,"column":22},"end":{"line":27,"column":5}},"locations":[{"start":{"line":25,"column":22},"end":{"line":27,"column":5}}]},"3":{"type":"branch","line":28,"loc":{"start":{"line":28,"column":22},"end":{"line":35,"column":5}},"locations":[{"start":{"line":28,"column":22},"end":{"line":35,"column":5}}]},"4":{"type":"branch","line":36,"loc":{"start":{"line":36,"column":24},"end":{"line":43,"column":5}},"locations":[{"start":{"line":36,"column":24},"end":{"line":43,"column":5}}]},"5":{"type":"branch","line":45,"loc":{"start":{"line":45,"column":17},"end":{"line":50,"column":3}},"locations":[{"start":{"line":45,"column":17},"end":{"line":50,"column":3}}]},"6":{"type":"branch","line":46,"loc":{"start":{"line":46,"column":43},"end":{"line":49,"column":5}},"locations":[{"start":{"line":46,"column":43},"end":{"line":49,"column":5}}]}},"b":{"0":[1],"1":[1],"2":[1],"3":[1],"4":[1],"5":[1],"6":[1]},"fnMap":{"0":{"name":"addBun","decl":{"start":{"line":19,"column":12},"end":{"line":21,"column":5}},"loc":{"start":{"line":19,"column":12},"end":{"line":21,"column":5}},"line":19},"1":{"name":"addIngredient","decl":{"start":{"line":22,"column":19},"end":{"line":24,"column":5}},"loc":{"start":{"line":22,"column":19},"end":{"line":24,"column":5}},"line":22},"2":{"name":"removeIngredient","decl":{"start":{"line":25,"column":22},"end":{"line":27,"column":5}},"loc":{"start":{"line":25,"column":22},"end":{"line":27,"column":5}},"line":25},"3":{"name":"moveIngredientUp","decl":{"start":{"line":28,"column":22},"end":{"line":35,"column":5}},"loc":{"start":{"line":28,"column":22},"end":{"line":35,"column":5}},"line":28},"4":{"name":"moveIngredientDown","decl":{"start":{"line":36,"column":24},"end":{"line":43,"column":5}},"loc":{"start":{"line":36,"column":24},"end":{"line":43,"column":5}},"line":36},"5":{"name":"extraReducers","decl":{"start":{"line":45,"column":17},"end":{"line":50,"column":3}},"loc":{"start":{"line":45,"column":17},"end":{"line":50,"column":3}},"line":45}},"f":{"0":1,"1":1,"2":1,"3":1,"4":1,"5":1}}
,"C:\\Users\\Admin\\Projects\\stellar-burgers\\src\\services\\slices\\ingredientsSlice.ts": {"path":"C:\\Users\\Admin\\Projects\\stellar-burgers\\src\\services\\slices\\ingredientsSlice.ts","all":false,"statementMap":{"0":{"start":{"line":1,"column":0},"end":{"line":1,"column":80}},"1":{"start":{"line":2,"column":0},"end":{"line":2,"column":41}},"2":{"start":{"line":3,"column":0},"end":{"line":3,"column":43}},"3":{"start":{"line":4,"column":0},"end":{"line":4,"column":0}},"4":{"start":{"line":5,"column":0},"end":{"line":5,"column":49}},"5":{"start":{"line":6,"column":0},"end":{"line":6,"column":33}},"6":{"start":{"line":7,"column":0},"end":{"line":7,"column":15}},"7":{"start":{"line":8,"column":0},"end":{"line":8,"column":43}},"8":{"start":{"line":9,"column":0},"end":{"line":9,"column":16}},"9":{"start":{"line":10,"column":0},"end":{"line":10,"column":3}},"10":{"start":{"line":11,"column":0},"end":{"line":11,"column":2}},"11":{"start":{"line":12,"column":0},"end":{"line":12,"column":0}},"12":{"start":{"line":13,"column":0},"end":{"line":13,"column":26}},"13":{"start":{"line":14,"column":0},"end":{"line":14,"column":23}},"14":{"start":{"line":15,"column":0},"end":{"line":15,"column":19}},"15":{"start":{"line":16,"column":0},"end":{"line":16,"column":23}},"16":{"start":{"line":17,"column":0},"end":{"line":17,"column":2}},"17":{"start":{"line":18,"column":0},"end":{"line":18,"column":0}},"18":{"start":{"line":19,"column":0},"end":{"line":19,"column":41}},"19":{"start":{"line":20,"column":0},"end":{"line":20,"column":12}},"20":{"start":{"line":21,"column":0},"end":{"line":21,"column":17}},"21":{"start":{"line":22,"column":0},"end":{"line":22,"column":13}},"22":{"start":{"line":23,"column":0},"end":{"line":23,"column":2}},"23":{"start":{"line":24,"column":0},"end":{"line":24,"column":0}},"24":{"start":{"line":25,"column":0},"end":{"line":25,"column":38}},"25":{"start":{"line":26,"column":0},"end":{"line":26,"column":22}},"26":{"start":{"line":27,"column":0},"end":{"line":27,"column":15}},"27":{"start":{"line":28,"column":0},"end":{"line":28,"column":15}},"28":{"start":{"line":29,"column":0},"end":{"line":29,"column":31}},"29":{"start":{"line":30,"column":0},"end":{"line":30,"column":11}},"30":{"start":{"line":31,"column":0},"end":{"line":31,"column":53}},"31":{"start":{"line":32,"column":0},"end":{"line":32,"column":29}},"32":{"start":{"line":33,"column":0},"end":{"line":33,"column":27}},"33":{"start":{"line":34,"column":0},"end":{"line":34,"column":8}},"34":{"start":{"line":35,"column":0},"end":{"line":35,"column":15}},"35":{"start":{"line":36,"column":0},"end":{"line":36,"column":35}},"36":{"start":{"line":37,"column":0},"end":{"line":37,"column":58}},"37":{"start":{"line":38,"column":0},"end":{"line":38,"column":32}},"38":{"start":{"line":39,"column":0},"end":{"line":39,"column":39}},"39":{"start":{"line":40,"column":0},"end":{"line":40,"column":9}},"40":{"start":{"line":41,"column":0},"end":{"line":41,"column":7}},"41":{"start":{"line":42,"column":0},"end":{"line":42,"column":62}},"42":{"start":{"line":43,"column":0},"end":{"line":43,"column":30}},"43":{"start":{"line":44,"column":0},"end":{"line":44,"column":77}},"44":{"start":{"line":45,"column":0},"end":{"line":45,"column":9}},"45":{"start":{"line":46,"column":0},"end":{"line":46,"column":3}},"46":{"start":{"line":47,"column":0},"end":{"line":47,"column":3}},"47":{"start":{"line":48,"column":0},"end":{"line":48,"column":0}},"48":{"start":{"line":49,"column":0},"end":{"line":49,"column":59}}},"s":{"0":1,"1":1,"2":1,"3":1,"4":1,"5":1,"6":1,"7":0,"8":0,"9":0,"10":1,"11":1,"12":1,"13":1,"14":1,"15":1,"16":1,"17":1,"18":1,"19":1,"20":1,"21":1,"22":1,"23":1,"24":1,"25":1,"26":1,"27":1,"28":1,"29":1,"30":1,"31":1,"32":1,"33":1,"34":1,"35":1,"36":1,"37":1,"38":1,"39":1,"40":1,"41":1,"42":2,"43":2,"44":1,"45":1,"46":1,"47":1,"48":1},"branchMap":{"0":{"type":"branch","line":29,"loc":{"start":{"line":29,"column":17},"end":{"line":46,"column":3}},"locations":[{"start":{"line":29,"column":17},"end":{"line":46,"column":3}}]},"1":{"type":"branch","line":31,"loc":{"start":{"line":31,"column":41},"end":{"line":34,"column":7}},"locations":[{"start":{"line":31,"column":41},"end":{"line":34,"column":7}}]},"2":{"type":"branch","line":37,"loc":{"start":{"line":37,"column":8},"end":{"line":40,"column":9}},"locations":[{"start":{"line":37,"column":8},"end":{"line":40,"column":9}}]},"3":{"type":"branch","line":42,"loc":{"start":{"line":42,"column":42},"end":{"line":45,"column":7}},"locations":[{"start":{"line":42,"column":42},"end":{"line":45,"column":7}}]},"4":{"type":"branch","line":44,"loc":{"start":{"line":44,"column":42},"end":{"line":44,"column":76}},"locations":[{"start":{"line":44,"column":42},"end":{"line":44,"column":76}}]}},"b":{"0":[1],"1":[1],"2":[1],"3":[2],"4":[1]},"fnMap":{"0":{"name":"extraReducers","decl":{"start":{"line":29,"column":17},"end":{"line":46,"column":3}},"loc":{"start":{"line":29,"column":17},"end":{"line":46,"column":3}},"line":29}},"f":{"0":1}}
}
