TN:
SF:src\services\slices\constructorSlice.ts
FN:19,addBun
FN:22,addIngredient
FN:25,removeIngredient
FN:28,moveIngredientUp
FN:36,moveIngredientDown
FN:45,extraReducers
FNF:6
FNH:6
FNDA:1,addBun
FNDA:1,addIngredient
FNDA:1,removeIngredient
FNDA:1,moveIngredientUp
FNDA:1,moveIngredientDown
FNDA:1,extraReducers
DA:1,1
DA:2,1
DA:3,1
DA:4,1
DA:5,1
DA:6,1
DA:7,1
DA:8,1
DA:9,1
DA:10,1
DA:11,1
DA:12,1
DA:13,1
DA:14,1
DA:15,1
DA:16,1
DA:17,1
DA:18,1
DA:19,1
DA:20,1
DA:21,1
DA:22,1
DA:23,1
DA:24,1
DA:25,1
DA:26,1
DA:27,1
DA:28,1
DA:29,1
DA:30,1
DA:31,1
DA:32,1
DA:33,1
DA:34,1
DA:35,1
DA:36,1
DA:37,1
DA:38,1
DA:39,1
DA:40,1
DA:41,1
DA:42,1
DA:43,1
DA:44,1
DA:45,1
DA:46,1
DA:47,1
DA:48,1
DA:49,1
DA:50,1
DA:51,1
DA:52,1
DA:53,1
DA:54,1
DA:55,1
DA:56,1
DA:57,1
DA:58,1
DA:59,1
DA:60,1
DA:61,1
LF:61
LH:61
BRDA:19,0,0,1
BRDA:22,1,0,1
BRDA:25,2,0,1
BRDA:28,3,0,1
BRDA:36,4,0,1
BRDA:45,5,0,1
BRDA:46,6,0,1
BRF:7
BRH:7
end_of_record
TN:
SF:src\services\slices\ingredientsSlice.ts
FN:29,extraReducers
FNF:1
FNH:1
FNDA:1,extraReducers
DA:1,1
DA:2,1
DA:3,1
DA:4,1
DA:5,1
DA:6,1
DA:7,1
DA:8,0
DA:9,0
DA:10,0
DA:11,1
DA:12,1
DA:13,1
DA:14,1
DA:15,1
DA:16,1
DA:17,1
DA:18,1
DA:19,1
DA:20,1
DA:21,1
DA:22,1
DA:23,1
DA:24,1
DA:25,1
DA:26,1
DA:27,1
DA:28,1
DA:29,1
DA:30,1
DA:31,1
DA:32,1
DA:33,1
DA:34,1
DA:35,1
DA:36,1
DA:37,1
DA:38,1
DA:39,1
DA:40,1
DA:41,1
DA:42,1
DA:43,2
DA:44,2
DA:45,1
DA:46,1
DA:47,1
DA:48,1
DA:49,1
LF:49
LH:46
BRDA:29,0,0,1
BRDA:31,1,0,1
BRDA:37,2,0,1
BRDA:42,3,0,2
BRDA:44,4,0,1
BRF:5
BRH:5
end_of_record
